# JRE version: OpenJDK Runtime Environment (8.0_212) (build 1.8.0_212-release-1586-b4-5784211)
# Java VM: OpenJDK 64-Bit Server VM (25.212-b4-5784211 mixed mode linux-amd64 compressed oops)
Heap:
 PSYoungGen      total 1163264K, used 1162768K [0x000000076ab00000, 0x00000007c0000000, 0x00000007c0000000)
  eden space 1052160K, 100% used [0x000000076ab00000,0x00000007aae80000,0x00000007aae80000)
  from space 111104K, 99% used [0x00000007aae80000,0x00000007b1a84178,0x00000007b1b00000)
  to   space 182272K, 72% used [0x00000007b4e00000,0x00000007bcf1d0d0,0x00000007c0000000)
 ParOldGen       total 748544K, used 579753K [0x00000006c0000000, 0x00000006edb00000, 0x000000076ab00000)
  object space 748544K, 77% used [0x00000006c0000000,0x00000006e362a600,0x00000006edb00000)
 Metaspace       used 114066K, capacity 120816K, committed 120872K, reserved 1155072K
  class space    used 14319K, capacity 15606K, committed 15656K, reserved 1048576K
GC Heap History (10 events):
Event: 995,556 GC heap after
Heap after GC invocations=130 (full 7):
 PSYoungGen      total 1146368K, used 34115K [0x000000076ab00000, 0x00000007beb80000, 0x00000007c0000000)
  eden space 946688K, 0% used [0x000000076ab00000,0x000000076ab00000,0x00000007a4780000)
  from space 199680K, 17% used [0x00000007a4780000,0x00000007a68d0ed8,0x00000007b0a80000)
  to   space 184320K, 0% used [0x00000007b3780000,0x00000007b3780000,0x00000007beb80000)
 ParOldGen       total 748544K, used 574799K [0x00000006c0000000, 0x00000006edb00000, 0x000000076ab00000)
  object space 748544K, 76% used [0x00000006c0000000,0x00000006e3153ee0,0x00000006edb00000)
 Metaspace       used 104875K, capacity 111162K, committed 111272K, reserved 1146880K
  class space    used 13305K, capacity 14471K, committed 14504K, reserved 1048576K
}
Event: 996,079 GC heap before
{Heap before GC invocations=131 (full 7):
 PSYoungGen      total 1146368K, used 980803K [0x000000076ab00000, 0x00000007beb80000, 0x00000007c0000000)
  eden space 946688K, 100% used [0x000000076ab00000,0x00000007a4780000,0x00000007a4780000)
  from space 199680K, 17% used [0x00000007a4780000,0x00000007a68d0ed8,0x00000007b0a80000)
  to   space 184320K, 0% used [0x00000007b3780000,0x00000007b3780000,0x00000007beb80000)
 ParOldGen       total 748544K, used 574799K [0x00000006c0000000, 0x00000006edb00000, 0x000000076ab00000)
  object space 748544K, 76% used [0x00000006c0000000,0x00000006e3153ee0,0x00000006edb00000)
 Metaspace       used 104876K, capacity 111162K, committed 111272K, reserved 1146880K
  class space    used 13305K, capacity 14471K, committed 14504K, reserved 1048576K
Event: 996,094 GC heap after
Heap after GC invocations=131 (full 7):
 PSYoungGen      total 1177088K, used 33769K [0x000000076ab00000, 0x00000007bd700000, 0x00000007c0000000)
  eden space 1013760K, 0% used [0x000000076ab00000,0x000000076ab00000,0x00000007a8900000)
  from space 163328K, 20% used [0x00000007b3780000,0x00000007b587a7c0,0x00000007bd700000)
  to   space 171008K, 0% used [0x00000007a8900000,0x00000007a8900000,0x00000007b3000000)
 ParOldGen       total 748544K, used 576082K [0x00000006c0000000, 0x00000006edb00000, 0x000000076ab00000)
  object space 748544K, 76% used [0x00000006c0000000,0x00000006e3294aa0,0x00000006edb00000)
 Metaspace       used 104876K, capacity 111162K, committed 111272K, reserved 1146880K
  class space    used 13305K, capacity 14471K, committed 14504K, reserved 1048576K
}
Event: 997,006 GC heap before
{Heap before GC invocations=132 (full 7):
 PSYoungGen      total 1177088K, used 1047529K [0x000000076ab00000, 0x00000007bd700000, 0x00000007c0000000)
  eden space 1013760K, 100% used [0x000000076ab00000,0x00000007a8900000,0x00000007a8900000)
  from space 163328K, 20% used [0x00000007b3780000,0x00000007b587a7c0,0x00000007bd700000)
  to   space 171008K, 0% used [0x00000007a8900000,0x00000007a8900000,0x00000007b3000000)
 ParOldGen       total 748544K, used 576082K [0x00000006c0000000, 0x00000006edb00000, 0x000000076ab00000)
  object space 748544K, 76% used [0x00000006c0000000,0x00000006e3294aa0,0x00000006edb00000)
 Metaspace       used 104883K, capacity 111166K, committed 111272K, reserved 1146880K
  class space    used 13305K, capacity 14471K, committed 14504K, reserved 1048576K
Event: 997,026 GC heap after
Heap after GC invocations=132 (full 7):
 PSYoungGen      total 1184768K, used 42313K [0x000000076ab00000, 0x00000007bf080000, 0x00000007c0000000)
  eden space 1013760K, 0% used [0x000000076ab00000,0x000000076ab00000,0x00000007a8900000)
  from space 171008K, 24% used [0x00000007a8900000,0x00000007ab252730,0x00000007b3000000)
  to   space 159232K, 0% used [0x00000007b5500000,0x00000007b5500000,0x00000007bf080000)
 ParOldGen       total 748544K, used 579729K [0x00000006c0000000, 0x00000006edb00000, 0x000000076ab00000)
  object space 748544K, 77% used [0x00000006c0000000,0x00000006e3624600,0x00000006edb00000)
 Metaspace       used 104883K, capacity 111166K, committed 111272K, reserved 1146880K
  class space    used 13305K, capacity 14471K, committed 14504K, reserved 1048576K
}
Event: 1003,308 GC heap before
{Heap before GC invocations=133 (full 7):
 PSYoungGen      total 1184768K, used 1056073K [0x000000076ab00000, 0x00000007bf080000, 0x00000007c0000000)
  eden space 1013760K, 100% used [0x000000076ab00000,0x00000007a8900000,0x00000007a8900000)
  from space 171008K, 24% used [0x00000007a8900000,0x00000007ab252730,0x00000007b3000000)
  to   space 159232K, 0% used [0x00000007b5500000,0x00000007b5500000,0x00000007bf080000)
 ParOldGen       total 748544K, used 579729K [0x00000006c0000000, 0x00000006edb00000, 0x000000076ab00000)
  object space 748544K, 77% used [0x00000006c0000000,0x00000006e3624600,0x00000006edb00000)
 Metaspace       used 106726K, capacity 113022K, committed 113320K, reserved 1148928K
  class space    used 13517K, capacity 14693K, committed 14760K, reserved 1048576K
Event: 1003,344 GC heap after
Heap after GC invocations=133 (full 7):
 PSYoungGen      total 1211392K, used 102308K [0x000000076ab00000, 0x00000007c0000000, 0x00000007c0000000)
  eden space 1052160K, 0% used [0x000000076ab00000,0x000000076ab00000,0x00000007aae80000)
  from space 159232K, 64% used [0x00000007b5500000,0x00000007bb8e9370,0x00000007bf080000)
  to   space 170496K, 0% used [0x00000007aae80000,0x00000007aae80000,0x00000007b5500000)
 ParOldGen       total 748544K, used 579737K [0x00000006c0000000, 0x00000006edb00000, 0x000000076ab00000)
  object space 748544K, 77% used [0x00000006c0000000,0x00000006e3626600,0x00000006edb00000)
 Metaspace       used 106726K, capacity 113022K, committed 113320K, reserved 1148928K
  class space    used 13517K, capacity 14693K, committed 14760K, reserved 1048576K
}
Event: 1008,707 GC heap before
{Heap before GC invocations=134 (full 7):
 PSYoungGen      total 1211392K, used 1154468K [0x000000076ab00000, 0x00000007c0000000, 0x00000007c0000000)
  eden space 1052160K, 100% used [0x000000076ab00000,0x00000007aae80000,0x00000007aae80000)
  from space 159232K, 64% used [0x00000007b5500000,0x00000007bb8e9370,0x00000007bf080000)
  to   space 170496K, 0% used [0x00000007aae80000,0x00000007aae80000,0x00000007b5500000)
 ParOldGen       total 748544K, used 579737K [0x00000006c0000000, 0x00000006edb00000, 0x000000076ab00000)
  object space 748544K, 77% used [0x00000006c0000000,0x00000006e3626600,0x00000006edb00000)
 Metaspace       used 109417K, capacity 115890K, committed 116264K, reserved 1150976K
  class space    used 13830K, capacity 15031K, committed 15144K, reserved 1048576K
Event: 1008,743 GC heap after
Heap after GC invocations=134 (full 7):
 PSYoungGen      total 1163264K, used 110608K [0x000000076ab00000, 0x00000007c0000000, 0x00000007c0000000)
  eden space 1052160K, 0% used [0x000000076ab00000,0x000000076ab00000,0x00000007aae80000)
  from space 111104K, 99% used [0x00000007aae80000,0x00000007b1a84178,0x00000007b1b00000)
  to   space 182272K, 0% used [0x00000007b4e00000,0x00000007b4e00000,0x00000007c0000000)
 ParOldGen       total 748544K, used 579745K [0x00000006c0000000, 0x00000006edb00000, 0x000000076ab00000)
  object space 748544K, 77% used [0x00000006c0000000,0x00000006e3628600,0x00000006edb00000)
 Metaspace       used 109417K, capacity 115890K, committed 116264K, reserved 1150976K
  class space    used 13830K, capacity 15031K, committed 15144K, reserved 1048576K
}
Event: 1143,284 GC heap before
{Heap before GC invocations=135 (full 7):
 PSYoungGen      total 1163264K, used 1162768K [0x000000076ab00000, 0x00000007c0000000, 0x00000007c0000000)
  eden space 1052160K, 100% used [0x000000076ab00000,0x00000007aae80000,0x00000007aae80000)
  from space 111104K, 99% used [0x00000007aae80000,0x00000007b1a84178,0x00000007b1b00000)
  to   space 182272K, 0% used [0x00000007b4e00000,0x00000007b4e00000,0x00000007c0000000)
 ParOldGen       total 748544K, used 579745K [0x00000006c0000000, 0x00000006edb00000, 0x000000076ab00000)
  object space 748544K, 77% used [0x00000006c0000000,0x00000006e3628600,0x00000006edb00000)
 Metaspace       used 114066K, capacity 120816K, committed 120872K, reserved 1155072K
  class space    used 14319K, capacity 15606K, committed 15656K, reserved 1048576K

